Flutter crash report.
Please report a bug at https://github.com/flutter/flutter/issues.

## command

flutter --no-color pub get

## exception

PathNotFoundException: PathNotFoundException: Deletion failed, path = 'D:\mahmoud\dls\e-commerce_dashoboard\windows\flutter\ephemeral\.plugin_symlinks' (OS Error: The system cannot find the file specified.
, errno = 2)

```
#0      _Directory._deleteSync (dart:io/directory_impl.dart:188:7)
#1      FileSystemEntity.deleteSync (dart:io/file_system_entity.dart:407:7)
#2      ForwardingFileSystemEntity.deleteSync (package:file/src/forwarding/forwarding_file_system_entity.dart:70:16)
#3      ErrorHandlingDirectory.deleteSync.<anonymous closure> (package:flutter_tools/src/base/error_handling_io.dart:479:22)
#4      _runSync (package:flutter_tools/src/base/error_handling_io.dart:587:14)
#5      ErrorHandlingDirectory.deleteSync (package:flutter_tools/src/base/error_handling_io.dart:478:12)
#6      _createPlatformPluginSymlinks (package:flutter_tools/src/flutter_plugins.dart:1076:22)
#7      createPluginSymlinks (package:flutter_tools/src/flutter_plugins.dart:1012:5)
#8      refreshPluginsList (package:flutter_tools/src/flutter_plugins.dart:1122:5)
<asynchronous suspension>
#9      FlutterProject.ensureReadyForPlatformSpecificTooling (package:flutter_tools/src/project.dart:369:5)
<asynchronous suspension>
#10     PackagesGetCommand.runCommand (package:flutter_tools/src/commands/packages.dart:382:7)
<asynchronous suspension>
#11     FlutterCommand.run.<anonymous closure> (package:flutter_tools/src/runner/flutter_command.dart:1389:27)
<asynchronous suspension>
#12     AppContext.run.<anonymous closure> (package:flutter_tools/src/base/context.dart:153:19)
<asynchronous suspension>
#13     CommandRunner.runCommand (package:args/command_runner.dart:212:13)
<asynchronous suspension>
#14     FlutterCommandRunner.runCommand.<anonymous closure> (package:flutter_tools/src/runner/flutter_command_runner.dart:355:9)
<asynchronous suspension>
#15     AppContext.run.<anonymous closure> (package:flutter_tools/src/base/context.dart:153:19)
<asynchronous suspension>
#16     FlutterCommandRunner.runCommand (package:flutter_tools/src/runner/flutter_command_runner.dart:295:5)
<asynchronous suspension>
#17     run.<anonymous closure>.<anonymous closure> (package:flutter_tools/runner.dart:119:9)
<asynchronous suspension>
#18     AppContext.run.<anonymous closure> (package:flutter_tools/src/base/context.dart:153:19)
<asynchronous suspension>
#19     main (package:flutter_tools/executable.dart:90:3)
<asynchronous suspension>
```

## flutter doctor

```
[✓] Flutter (Channel stable, 3.19.6, on Microsoft Windows [Version 10.0.26244.5000], locale en-US)
    • Flutter version 3.19.6 on channel stable at C:\src\flutter
    • Upstream repository https://github.com/flutter/flutter.git
    • FLUTTER_GIT_URL = https://github.com/flutter/flutter.git
    • Framework revision 54e66469a9 (3 months ago), 2024-04-17 13:08:03 -0700
    • Engine revision c4cd48e186
    • Dart version 3.3.4
    • DevTools version 2.31.1

[✓] Windows Version (Installed version of Windows is version 10 or higher)

[✓] Android toolchain - develop for Android devices (Android SDK version 32.1.0-rc1)
    • Android SDK at C:\Users\Ahmed Hassan\AppData\Local\Android\sdk
    • Platform android-34, build-tools 32.1.0-rc1
    • Java binary at: C:\Users\Ahmed Hassan\AppData\Local\Programs\Android Studio\jbr\bin\java
    • Java version OpenJDK Runtime Environment (build 17.0.10+0--11572160)
    • All Android licenses accepted.

[✓] Chrome - develop for the web
    • Chrome at C:\Program Files\Google\Chrome\Application\chrome.exe

[✗] Visual Studio - develop Windows apps
    ✗ Visual Studio not installed; this is necessary to develop Windows apps.
      Download at https://visualstudio.microsoft.com/downloads/.
      Please install the "Desktop development with C++" workload, including all of its default components

[!] Android Studio (version 2021.3)
    • Android Studio at C:\Program Files\Android\Android Studio
    • Flutter plugin can be installed from:
      🔨 https://plugins.jetbrains.com/plugin/9212-flutter
    • Dart plugin can be installed from:
      🔨 https://plugins.jetbrains.com/plugin/6351-dart
    ✗ Unable to determine bundled Java version.
    • Try updating or re-installing Android Studio.

[✓] Android Studio (version 2023.3)
    • Android Studio at C:\Users\Ahmed Hassan\AppData\Local\Programs\Android Studio
    • Flutter plugin can be installed from:
      🔨 https://plugins.jetbrains.com/plugin/9212-flutter
    • Dart plugin can be installed from:
      🔨 https://plugins.jetbrains.com/plugin/6351-dart
    • Java version OpenJDK Runtime Environment (build 17.0.10+0--11572160)

[✓] IntelliJ IDEA Community Edition (version 2022.1)
    • IntelliJ at C:\Program Files\JetBrains\IntelliJ IDEA Community Edition 2022.1.3
    • Flutter plugin version 70.0.4
    • Dart plugin version 221.5921.27

[✓] VS Code (version 1.91.0)
    • VS Code at C:\Users\Ahmed Hassan\AppData\Local\Programs\Microsoft VS Code
    • Flutter extension version 3.92.0

[✓] Connected device (3 available)
    • Windows (desktop) • windows • windows-x64    • Microsoft Windows [Version 10.0.26244.5000]
    • Chrome (web)      • chrome  • web-javascript • Google Chrome 126.0.6478.127
    • Edge (web)        • edge    • web-javascript • Microsoft Edge 127.0.2651.31

[✓] Network resources
    • All expected network resources are available.

! Doctor found issues in 2 categories.
```
